<?xml version="1.0" encoding="UTF-8"?>
<testExecutions version="1">
  <file path="/Users/germanosin/Documents/projects/kafbat/kafka-ui/frontend/src/lib/hooks/__tests__/dateTimeHelpers.spec.ts">
    <testCase name="dateTimeHelpers formatTimestamp should check the empty case" duration="8"/>
    <testCase name="dateTimeHelpers formatTimestamp should check the invalid case" duration="0"/>
    <testCase name="dateTimeHelpers formatTimestamp should output the correct date" duration="2"/>
  </file>
  <file path="/Users/germanosin/Documents/projects/kafbat/kafka-ui/frontend/src/components/common/ActionComponent/ActionButton/ActionCreateButton/__tests__/ActionCreateButton.spec.tsx">
    <testCase name="ActionCreateButton should render the button with the correct text, for the permission tooltip not to show" duration="216"/>
    <testCase name="ActionCreateButton should make the button disable and view the tooltip with the default text" duration="99"/>
    <testCase name="ActionCreateButton should make the button disable and view the tooltip with the given text" duration="63"/>
    <testCase name="ActionCreateButton should render the Button but disabled cause the given role is not correct" duration="51"/>
  </file>
  <file path="/Users/germanosin/Documents/projects/kafbat/kafka-ui/frontend/src/components/common/ActionComponent/ActionButton/ActionPermissionButton/__tests__/ActionPermissionButton.spec.tsx">
    <testCase name="ActionPermissionButton should render the button with the correct text, for the permission tooltip not to show" duration="213"/>
    <testCase name="ActionPermissionButton should make the button disable and view the tooltip with the default text" duration="82"/>
    <testCase name="ActionPermissionButton should make the button disable and view the tooltip with the given text" duration="79"/>
    <testCase name="ActionPermissionButton should render the Button but disabled cause the given role is not correct" duration="60"/>
  </file>
  <file path="/Users/germanosin/Documents/projects/kafbat/kafka-ui/frontend/src/components/Brokers/Broker/Configs/TableComponents/InputCell/__test__/InputCellViewMode.spec.tsx">
    <testCase name="InputCellViewMode displays the correct value for non-sensitive data" duration="91"/>
    <testCase name="InputCellViewMode masks sensitive data with asterisks" duration="11"/>
    <testCase name="InputCellViewMode renders edit button and triggers onEdit callback when clicked" duration="96"/>
    <testCase name="InputCellViewMode disables edit button for read-only properties" duration="4"/>
  </file>
  <file path="/Users/germanosin/Documents/projects/kafbat/kafka-ui/frontend/src/components/Brokers/Broker/Configs/TableComponents/InputCell/__test__/InputCell.spec.tsx">
    <testCase name="InputCell renders InputCellViewMode by default" duration="96"/>
    <testCase name="InputCell switches to InputCellEditMode upon triggering an edit action" duration="90"/>
    <testCase name="InputCell calls onUpdate callback with the new value when saved" duration="115"/>
    <testCase name="InputCell returns to InputCellViewMode upon canceling an edit" duration="74"/>
  </file>
  <file path="/Users/germanosin/Documents/projects/kafbat/kafka-ui/frontend/src/components/Topics/shared/Form/CustomParams/__test__/CustomParamField.spec.tsx">
    <testCase name="CustomParamsField renders the component with its view correctly" duration="321"/>
    <testCase name="CustomParamsField core functionality works click on button triggers remove" duration="27"/>
    <testCase name="CustomParamsField core functionality works pressing space on button triggers remove" duration="27"/>
    <testCase name="CustomParamsField core functionality works can select option" duration="91"/>
    <testCase name="CustomParamsField core functionality works selecting option updates textbox value" duration="86"/>
    <testCase name="CustomParamsField core functionality works selecting option updates triggers setExistingFields" duration="85"/>
  </file>
  <file path="/Users/germanosin/Documents/projects/kafbat/kafka-ui/frontend/src/components/Topics/shared/Form/CustomParams/__test__/CustomParams.spec.tsx">
    <testCase name="CustomParams renders with props" duration="132"/>
    <testCase name="CustomParams has defaultValues when they are set" duration="92"/>
    <testCase name="CustomParams works with user inputs correctly button click creates custom param fieldset" duration="101"/>
    <testCase name="CustomParams works with user inputs correctly can select option" duration="188"/>
    <testCase name="CustomParams works with user inputs correctly when selected option changes disabled options update correctly" duration="386"/>
    <testCase name="CustomParams works with user inputs correctly multiple button clicks create multiple fieldsets" duration="84"/>
    <testCase name="CustomParams works with user inputs correctly can&apos;t select already selected option" duration="205"/>
    <testCase name="CustomParams works with user inputs correctly when fieldset with selected custom property type is deleted disabled options update correctly" duration="380"/>
  </file>
  <file path="/Users/germanosin/Documents/projects/kafbat/kafka-ui/frontend/src/lib/hooks/api/__tests__/topics.spec.ts">
    <testCase name="Topics hooks handles useTopics" duration="62"/>
    <testCase name="Topics hooks useTopicDetails handles useTopicDetails" duration="55"/>
    <testCase name="Topics hooks useTopicDetails handles useTopicDetails with queryOptions" duration="56"/>
    <testCase name="Topics hooks useTopicConfig handles useTopicConfig" duration="57"/>
    <testCase name="Topics hooks useTopicConfig handles useTopicConfig with queryOptions" duration="60"/>
    <testCase name="Topics hooks handles useTopicConsumerGroups" duration="57"/>
    <testCase name="Topics hooks useTopicAnalysis handles useTopicAnalysis" duration="56"/>
    <testCase name="Topics hooks useTopicAnalysis disables useTopicAnalysis" duration="2"/>
    <testCase name="Topics hooks mutatations useCreateTopic" duration="59"/>
    <testCase name="Topics hooks mutatations useUpdateTopic" duration="57"/>
    <testCase name="Topics hooks mutatations useIncreaseTopicPartitionsCount" duration="58"/>
    <testCase name="Topics hooks mutatations useUpdateTopicReplicationFactor" duration="62"/>
    <testCase name="Topics hooks mutatations useDeleteTopic" duration="55"/>
    <testCase name="Topics hooks mutatations useRecreateTopic" duration="54"/>
    <testCase name="Topics hooks mutatations useSendMessage" duration="57"/>
    <testCase name="Topics hooks mutatations useAnalyzeTopic" duration="60"/>
    <testCase name="Topics hooks mutatations useCancelTopicAnalysis" duration="56"/>
  </file>
  <file path="/Users/germanosin/Documents/projects/kafbat/kafka-ui/frontend/src/components/Connect/List/__tests__/List.spec.tsx">
    <testCase name="Connectors List when the connectors are loaded renders" duration="154"/>
    <testCase name="Connectors List when the connectors are loaded opens broker when row clicked" duration="41"/>
    <testCase name="Connectors List when table is empty renders empty table" duration="164"/>
    <testCase name="Connectors List when delete modal is open calls deleteConnector on confirm" duration="124"/>
    <testCase name="Connectors List when delete modal is open closes the modal when cancel button is clicked" duration="127"/>
    <testCase name="Connectors List when reset connector offsets modal is open calls resetConnectorOffsets on confirm" duration="147"/>
    <testCase name="Connectors List when reset connector offsets modal is open closes the modal when cancel button is clicked" duration="117"/>
  </file>
  <file path="/Users/germanosin/Documents/projects/kafbat/kafka-ui/frontend/src/components/Connect/Details/Actions/__tests__/Actions.spec.tsx">
    <testCase name="Actions view renders buttons when paused" duration="164"/>
    <testCase name="Actions view renders buttons when stopped" duration="84"/>
    <testCase name="Actions view renders buttons when failed" duration="99"/>
    <testCase name="Actions view renders buttons when unassigned" duration="68"/>
    <testCase name="Actions view renders buttons when running connector action" duration="95"/>
    <testCase name="Actions view mutations opens confirmation modal when delete button clicked" duration="77"/>
    <testCase name="Actions view mutations opens confirmation modal when reset offsets button clicked on a STOPPED connector" duration="59"/>
    <testCase name="Actions view mutations calls restartConnector when restart button clicked" duration="56"/>
    <testCase name="Actions view mutations calls restartAllTasks" duration="43"/>
    <testCase name="Actions view mutations calls restartFailedTasks" duration="80"/>
    <testCase name="Actions view mutations calls pauseConnector when pause button clicked" duration="48"/>
    <testCase name="Actions view mutations calls stopConnector when stop button clicked" duration="56"/>
    <testCase name="Actions view mutations calls resumeConnector when resume button clicked from PAUSED state" duration="63"/>
    <testCase name="Actions view mutations calls resumeConnector when resume button clicked from STOPPED state" duration="48"/>
  </file>
  <file path="/Users/germanosin/Documents/projects/kafbat/kafka-ui/frontend/src/components/Topics/Topic/__test__/Topic.spec.tsx">
    <testCase name="Details Action Bar when it has readonly flag renders disabled the Action button" duration="117"/>
    <testCase name="Details Action Bar when remove topic modal is open calls deleteTopic on confirm" duration="87"/>
    <testCase name="Details Action Bar when remove topic modal is open closes the modal when cancel button is clicked" duration="58"/>
    <testCase name="Details Action Bar when clear messages modal is open it calls clearTopicMessages on confirm" duration="76"/>
    <testCase name="Details Action Bar when clear messages modal is open closes the modal when cancel button is clicked" duration="57"/>
    <testCase name="Details Action Bar when edit settings is clicked redirects to the edit page" duration="28"/>
    <testCase name="Details Action Bar redirects to the correct route if topic is deleted" duration="68"/>
    <testCase name="Details Action Bar shows a confirmation popup on deleting topic messages" duration="35"/>
    <testCase name="Details Action Bar shows a confirmation popup on recreating topic" duration="37"/>
    <testCase name="Details Action Bar is calling recreation function after click on Submit button" duration="89"/>
    <testCase name="Details Action Bar closes popup confirmation window after click on Cancel button" duration="58"/>
    <testCase name="Details Internal routing renders Overview tab by default" duration="23"/>
    <testCase name="Details Internal routing renders Messages tabs" duration="18"/>
    <testCase name="Details Internal routing renders Consumers tab" duration="16"/>
    <testCase name="Details Internal routing renders Settings tab" duration="9"/>
    <testCase name="Details Internal routing renders Statistics tab" duration="9"/>
  </file>
  <file path="/Users/germanosin/Documents/projects/kafbat/kafka-ui/frontend/src/components/Topics/Topic/Messages/Filters/__tests__/Filters.spec.tsx">
    <testCase name="Filters component shows refresh button" duration="198"/>
    <testCase name="Filters component Filter Input default elements search input and selectable mode" duration="155"/>
    <testCase name="Filters component Filter Input default elements offset input from offset option" duration="321"/>
    <testCase name="Filters component Filter Input default elements offset input To offset option" duration="224"/>
    <testCase name="Filters component Filter Input default elements timestamp input since time" duration="372"/>
    <testCase name="Filters component Filter Input default elements timestamp input since time" duration="327"/>
    <testCase name="Filters component checks the input values when data comes from the url modes and the related inputs should check the mode input value latest" duration="27"/>
    <testCase name="Filters component checks the input values when data comes from the url modes and the related inputs should check the mode input value earliest" duration="29"/>
    <testCase name="Filters component checks the input values when data comes from the url modes and the related inputs should check the mode input value tailest" duration="30"/>
    <testCase name="Filters component checks the input values when data comes from the url modes and the related inputs should check the mode input value from offset" duration="43"/>
    <testCase name="Filters component checks the input values when data comes from the url modes and the related inputs should check the mode input value to offset" duration="44"/>
    <testCase name="Filters component checks the input values when data comes from the url modes and the related inputs should check the mode input value to timestamp" duration="39"/>
    <testCase name="Filters component checks the input values when data comes from the url modes and the related inputs should check the mode input value from timestamp" duration="26"/>
    <testCase name="Filters component checks the input values when data comes from the url should check the search value" duration="10"/>
    <testCase name="Filters component checks the input values when data comes from the url Serde dropdown should check the keySerde" duration="24"/>
    <testCase name="Filters component checks the input values when data comes from the url Serde dropdown should check the valueSerde" duration="24"/>
  </file>
  <file path="/Users/germanosin/Documents/projects/kafbat/kafka-ui/frontend/src/components/common/NewTable/__test__/Table.spec.tsx">
    <testCase name="Table renders table" duration="127"/>
    <testCase name="Table renders empty table" duration="16"/>
    <testCase name="Table renders empty table with custom message" duration="12"/>
    <testCase name="Table renders SizeCell" duration="10"/>
    <testCase name="Table renders TimestampCell" duration="44"/>
    <testCase name="Table LinkCell renders link" duration="21"/>
    <testCase name="Table LinkCell link click stops propagation" duration="71"/>
    <testCase name="Table ExpanderCell renders button" duration="112"/>
    <testCase name="Table ExpanderCell does not render button" duration="17"/>
    <testCase name="Table renders TagCell" duration="9"/>
    <testCase name="Table Pagination does not render page buttons" duration="11"/>
    <testCase name="Table Pagination renders page buttons" duration="159"/>
    <testCase name="Table Pagination Go To page renders Go To page" duration="35"/>
    <testCase name="Table Pagination Go To page updates page on Go To page change" duration="77"/>
    <testCase name="Table Pagination Go To page does not update page on Go To page change if page is out of range" duration="87"/>
    <testCase name="Table Pagination Go To page does not update page on Go To page change if page is not a number" duration="52"/>
    <testCase name="Table Sorting sort rows" duration="150"/>
    <testCase name="Table Row Selecting renders selectable rows" duration="44"/>
    <testCase name="Table Row Selecting renders action bar" duration="57"/>
    <testCase name="Table Clickable Row handles onRowClick" duration="31"/>
    <testCase name="Table Clickable Row does nothing unless onRowClick is provided" duration="37"/>
    <testCase name="Table Clickable Row does not handle onRowClick if enableRowSelection" duration="28"/>
    <testCase name="Table Clickable Row does not handle onRowClick if expandable rows" duration="42"/>
  </file>
  <file path="/Users/germanosin/Documents/projects/kafbat/kafka-ui/frontend/src/components/Connect/Details/Tasks/__tests__/Tasks.spec.tsx">
    <testCase name="Tasks renders empty table" duration="162"/>
    <testCase name="Tasks renders tasks table" duration="341"/>
    <testCase name="Tasks renders truncates long trace and expands" duration="492"/>
    <testCase name="Tasks Action button renders action button" duration="352"/>
    <testCase name="Tasks Action button works as expected" duration="422"/>
  </file>
  <file path="/Users/germanosin/Documents/projects/kafbat/kafka-ui/frontend/src/components/Topics/New/__test__/New.spec.tsx">
    <testCase name="New checks header for create new" duration="92"/>
    <testCase name="New checks header for copy" duration="35"/>
    <testCase name="New validates form" duration="146"/>
    <testCase name="New validates form invalid name" duration="107"/>
    <testCase name="New submits valid form" duration="120"/>
  </file>
  <file path="/Users/germanosin/Documents/projects/kafbat/kafka-ui/frontend/src/components/Topics/Topic/Messages/Filters/__tests__/AddEditFilterContainer.spec.tsx">
    <testCase name="AddEditFilterContainer component Add current Filter Configured should check the Button text during add" duration="81"/>
    <testCase name="AddEditFilterContainer component Add current Filter Configured should display the checkbox is there and works" duration="84"/>
    <testCase name="AddEditFilterContainer component Add current Filter Configured should check whether the submit Button is disabled when the form is pristine and disabled if dirty" duration="106"/>
    <testCase name="AddEditFilterContainer component Add current Filter Configured should display the CEL syntax help icon" duration="26"/>
    <testCase name="AddEditFilterContainer component Edit current Filter Configured should check the Button text during edit" duration="24"/>
    <testCase name="AddEditFilterContainer component Edit current Filter Configured should render the input with default data if they are passed" duration="44"/>
    <testCase name="AddEditFilterContainer component Edit current Filter Configured should display the checkbox is not shown during the edit mode" duration="12"/>
    <testCase name="AddEditFilterContainer component Edit current Filter Configured should display the CEL syntax help icon" duration="16"/>
    <testCase name="AddEditFilterContainer component Cancel and Submit button functionality should test whether the cancel callback is being called" duration="29"/>
    <testCase name="AddEditFilterContainer component Cancel and Submit button functionality should test whether the submit Callback is being called" duration="110"/>
  </file>
  <file path="/Users/germanosin/Documents/projects/kafbat/kafka-ui/frontend/src/components/Brokers/BrokersList/__test__/BrokersList.spec.tsx">
    <testCase name="BrokersList Component BrokersList when the brokers are loaded renders" duration="106"/>
    <testCase name="BrokersList Component BrokersList when the brokers are loaded opens broker when row clicked" duration="97"/>
    <testCase name="BrokersList Component BrokersList when the brokers are loaded shows warning when offlinePartitionCount &gt; 0" duration="16"/>
    <testCase name="BrokersList Component BrokersList when the brokers are loaded shows right count when offlinePartitionCount &gt; 0" duration="26"/>
    <testCase name="BrokersList Component BrokersList when the brokers are loaded shows right count when inSyncReplicasCount: undefined &amp;&amp; outOfSyncReplicasCount: 1" duration="26"/>
    <testCase name="BrokersList Component BrokersList when the brokers are loaded shows right count when inSyncReplicasCount: 798 outOfSyncReplicasCount: undefined" duration="23"/>
    <testCase name="BrokersList Component BrokersList BrokersList when the brokers are loaded Indicates correct active cluster" duration="45"/>
    <testCase name="BrokersList Component BrokersList BrokersList when the brokers are loaded Correct display even if there is no active cluster: 0 " duration="15"/>
    <testCase name="BrokersList Component BrokersList when diskUsage is empty when it has no brokers renders empty table" duration="98"/>
    <testCase name="BrokersList Component BrokersList when diskUsage is empty renders list of all brokers" duration="23"/>
    <testCase name="BrokersList Component BrokersList when diskUsage is empty opens broker when row clicked" duration="94"/>
  </file>
  <file path="/Users/germanosin/Documents/projects/kafbat/kafka-ui/frontend/src/components/Topics/Topic/Statistics/__test__/Metrics.spec.tsx">
    <testCase name="Metrics when analysis is in progress renders Stop Analysis button" duration="66"/>
    <testCase name="Metrics when analysis is in progress renders Progress bar" duration="12"/>
    <testCase name="Metrics when analysis is in progress calculate Timer " duration="4"/>
    <testCase name="Metrics when analysis is completed renders metrics" duration="79"/>
    <testCase name="Metrics when analysis is completed renders restarts analisis" duration="56"/>
    <testCase name="Metrics when analysis is completed renders expandable table" duration="134"/>
    <testCase name="Metrics returns empty container" duration="6"/>
    <testCase name="Metrics returns empty container" duration="1"/>
  </file>
  <file path="/Users/germanosin/Documents/projects/kafbat/kafka-ui/frontend/src/components/Topics/Topic/SendMessage/__test__/SendMessage.spec.tsx">
    <testCase name="SendMessage when schema is fetched calls sendTopicMessage on submit" duration="364"/>
    <testCase name="SendMessage when schema is fetched should check and view validation error message when is not valid" duration="206"/>
    <testCase name="SendMessage when schema is empty renders if schema is not defined" duration="74"/>
  </file>
  <file path="/Users/germanosin/Documents/projects/kafbat/kafka-ui/frontend/src/lib/hooks/api/__tests__/kafkaConnect.spec.ts">
    <testCase name="kafkaConnect hooks useConnects returns the correct data" duration="64"/>
    <testCase name="kafkaConnect hooks useConnectors returns the correct data" duration="54"/>
    <testCase name="kafkaConnect hooks useConnectors returns the correct data for request with search criteria" duration="59"/>
    <testCase name="kafkaConnect hooks useConnector returns the correct data" duration="56"/>
    <testCase name="kafkaConnect hooks useConnectorTasks returns the correct data" duration="73"/>
    <testCase name="kafkaConnect hooks useConnectorConfig returns the correct data" duration="69"/>
    <testCase name="kafkaConnect hooks mutatations useUpdateConnectorState returns the correct data" duration="60"/>
    <testCase name="kafkaConnect hooks mutatations useRestartConnectorTask returns the correct data" duration="55"/>
    <testCase name="kafkaConnect hooks mutatations useUpdateConnectorConfig returns the correct data" duration="57"/>
    <testCase name="kafkaConnect hooks mutatations useCreateConnector returns the correct data" duration="59"/>
    <testCase name="kafkaConnect hooks mutatations useDeleteConnector returns the correct data" duration="61"/>
  </file>
  <file path="/Users/germanosin/Documents/projects/kafbat/kafka-ui/frontend/src/components/Topics/shared/Form/__tests__/TopicForm.spec.tsx">
    <testCase name="TopicForm renders" duration="449"/>
    <testCase name="TopicForm submits" duration="151"/>
  </file>
  <file path="/Users/germanosin/Documents/projects/kafbat/kafka-ui/frontend/src/components/Topics/List/__tests__/TopicTable.spec.tsx">
    <testCase name="TopicTable Components without data renders empty table when payload is undefined" duration="328"/>
    <testCase name="TopicTable Components without data renders empty table when payload is empty" duration="63"/>
    <testCase name="TopicTable Components with topics renders correct rows" duration="422"/>
    <testCase name="TopicTable Components with topics Selectable rows renders selectable rows" duration="84"/>
    <testCase name="TopicTable Components with topics Selectable rows does not render selectable rows for read-only cluster" duration="16"/>
    <testCase name="TopicTable Components with topics Selectable rows Batch actions bar when only one topic is selected renders batch actions bar" duration="196"/>
    <testCase name="TopicTable Components with topics Selectable rows Batch actions bar when more then one topics are selected renders batch actions bar" duration="267"/>
    <testCase name="TopicTable Components with topics Selectable rows Batch actions bar when more then one topics are selected handels delete button click" duration="310"/>
    <testCase name="TopicTable Components with topics Selectable rows Batch actions bar when more then one topics are selected handels purge messages button click" duration="249"/>
    <testCase name="TopicTable Components with topics Action buttons renders disable action buttons for read-only cluster" duration="44"/>
    <testCase name="TopicTable Components with topics Action buttons renders action buttons" duration="430"/>
    <testCase name="TopicTable Components with topics Action buttons and clear messages action is visible for topic with CleanUpPolicy.DELETE" duration="88"/>
    <testCase name="TopicTable Components with topics Action buttons and clear messages action is disabled for topic without CleanUpPolicy.DELETE" duration="104"/>
    <testCase name="TopicTable Components with topics Action buttons and clear messages action works as expected" duration="160"/>
    <testCase name="TopicTable Components with topics Action buttons and remove topic action is visible only when topic deletion allowed for cluster" duration="99"/>
    <testCase name="TopicTable Components with topics Action buttons and remove topic action is disabled when topic deletion is not allowed for cluster" duration="126"/>
    <testCase name="TopicTable Components with topics Action buttons and remove topic action works as expected" duration="190"/>
    <testCase name="TopicTable Components with topics Action buttons and recreate topic action works as expected" duration="150"/>
  </file>
  <file path="/Users/germanosin/Documents/projects/kafbat/kafka-ui/frontend/src/components/Schemas/Diff/__test__/Diff.spec.tsx">
    <testCase name="Diff Container renders view" duration="93"/>
    <testCase name="Diff when page with schema versions is loading renders PageLoader" duration="25"/>
    <testCase name="Diff when schema versions are loaded and no specified versions in path renders all options" duration="64"/>
    <testCase name="Diff when schema versions are loaded and no specified versions in path renders left select with empty value" duration="47"/>
    <testCase name="Diff when schema versions are loaded and no specified versions in path renders right select with empty value" duration="39"/>
    <testCase name="Diff when schema versions are loaded and two versions in path renders left select with version 1" duration="42"/>
    <testCase name="Diff when schema versions are loaded and two versions in path renders right select with version 2" duration="38"/>
    <testCase name="Diff when schema versions are loaded and only one versions in path renders left select with version 1" duration="53"/>
    <testCase name="Diff when schema versions are loaded and only one versions in path renders right select with empty value" duration="68"/>
    <testCase name="Diff Back button back button is appear" duration="32"/>
    <testCase name="Diff Back button click on back button" duration="19"/>
  </file>
  <file path="/Users/germanosin/Documents/projects/kafbat/kafka-ui/frontend/src/components/Topics/Topic/Edit/DangerZone/__test__/DangerZone.spec.tsx">
    <testCase name="DangerZone renders the component" duration="98"/>
    <testCase name="DangerZone calls increaseTopicPartitionsCount mutation" duration="150"/>
    <testCase name="DangerZone calls updateTopicReplicationFactor" duration="140"/>
    <testCase name="DangerZone should view the validation error when partition value is lower than the default passed or empty" duration="65"/>
    <testCase name="DangerZone should view the validation error when Replication Facto value is lower than the default passed or empty" duration="45"/>
    <testCase name="DangerZone should close the partitions dialog if he cancel button is pressed" duration="98"/>
    <testCase name="DangerZone should close the replicator dialog if he cancel button is pressed" duration="78"/>
  </file>
  <file path="/Users/germanosin/Documents/projects/kafbat/kafka-ui/frontend/src/components/PageContainer/__tests__/PageContainer.spec.tsx">
    <testCase name="Page Container render the inner container" duration="149"/>
    <testCase name="Page Container Redirect to the Wizard page redirects to new cluster configuration page if there are no clusters and dynamic config is enabled" duration="64"/>
    <testCase name="Page Container Redirect to the Wizard page should not navigate to new cluster config page when there are clusters" duration="70"/>
    <testCase name="Page Container Redirect to the Wizard page should not navigate to new cluster config page when there are no clusters and hasDynamicConfig is false" duration="55"/>
  </file>
  <file path="/Users/germanosin/Documents/projects/kafbat/kafka-ui/frontend/src/components/Topics/Topic/Messages/__test__/MessagesTable.spec.tsx">
    <testCase name="MessagesTable Default props Setup for MessagesTable component should check the render" duration="73"/>
    <testCase name="MessagesTable Default props Setup for MessagesTable component should check preview buttons" duration="23"/>
    <testCase name="MessagesTable Default props Setup for MessagesTable component should show preview modal with validation" duration="38"/>
    <testCase name="MessagesTable Default props Setup for MessagesTable component should check the if no elements is rendered in the table" duration="6"/>
    <testCase name="MessagesTable Custom Setup with different props value should check if next button is disabled isLive Param" duration="8"/>
    <testCase name="MessagesTable Custom Setup with different props value should check if next button is disabled if there is no nextCursor" duration="4"/>
    <testCase name="MessagesTable Custom Setup with different props value should check the display of the loader element during loader" duration="24"/>
    <testCase name="MessagesTable should render Messages table with data should check the rendering of the messages" duration="8"/>
    <testCase name="MessagesTable should save messages preview into localstorage should save messages preview into localstorage" duration="274"/>
  </file>
  <file path="/Users/germanosin/Documents/projects/kafbat/kafka-ui/frontend/src/lib/hooks/api/__tests__/schema.spec.ts">
    <testCase name="Schema hooks Get Queries useGetSchemas returns the correct data" duration="65"/>
    <testCase name="Schema hooks Get Queries useGetLatestSchema returns the correct data" duration="57"/>
    <testCase name="Schema hooks Get Queries useGetLatestSchema returns the correct data with queryOptions" duration="55"/>
    <testCase name="Schema hooks Get Queries useGetSchemasVersions returns the correct data" duration="67"/>
    <testCase name="Schema hooks Get Queries useGetGlobalCompatibilityLayer returns the correct data" duration="55"/>
    <testCase name="Schema hooks Mutations useCreateSchema returns the correct data" duration="56"/>
    <testCase name="Schema hooks Mutations useUpdateSchemaCompatibilityLayer returns the correct data" duration="53"/>
    <testCase name="Schema hooks Mutations useUpdateGlobalSchemaCompatibilityLevel returns the correct data" duration="55"/>
    <testCase name="Schema hooks Mutations useDeleteSchema returns the correct data" duration="54"/>
  </file>
  <file path="/Users/germanosin/Documents/projects/kafbat/kafka-ui/frontend/src/components/ACLPage/List/__test__/List.spec.tsx">
    <testCase name="ACLList Component ACLList when the acls are loaded renders ACLList with records" duration="125"/>
    <testCase name="ACLList Component ACLList when the acls are loaded shows delete icon on hover" duration="63"/>
    <testCase name="ACLList Component ACLList when the acls are loaded header has button for create ACL" duration="30"/>
    <testCase name="ACLList Component ACLList when the acls are loaded form not in the document" duration="30"/>
    <testCase name="ACLList Component ACLList when the acls are loaded after acl button click form is in the document" duration="99"/>
    <testCase name="ACLList Component ACLList when it has no acls renders empty ACLList with message" duration="140"/>
  </file>
  <file path="/Users/germanosin/Documents/projects/kafbat/kafka-ui/frontend/src/components/Nav/ClusterMenu/__tests__/ClusterMenu.spec.tsx">
    <testCase name="ClusterMenu renders cluster menu with default set of features" duration="120"/>
    <testCase name="ClusterMenu renders cluster menu with correct set of features" duration="80"/>
    <testCase name="ClusterMenu renders open cluster menu" duration="47"/>
    <testCase name="ClusterMenu makes Kafka Connect link active" duration="61"/>
  </file>
  <file path="/Users/germanosin/Documents/projects/kafbat/kafka-ui/frontend/src/components/Topics/Topic/Messages/MessageContent/__tests__/MessageContent.spec.tsx">
    <testCase name="MessageContent screen Checking keySerde and valueSerde keySerde in document" duration="42"/>
    <testCase name="MessageContent screen Checking keySerde and valueSerde valueSerde in document" duration="19"/>
    <testCase name="MessageContent screen when switched to display the key makes key tab active" duration="126"/>
    <testCase name="MessageContent screen when switched to display the headers makes Headers tab active" duration="60"/>
    <testCase name="MessageContent screen when switched to display the value makes value tab active" duration="44"/>
  </file>
  <file path="/Users/germanosin/Documents/projects/kafbat/kafka-ui/frontend/src/components/Schemas/List/__test__/List.spec.tsx">
    <testCase name="List fetch error shows progressbar" duration="75"/>
    <testCase name="List fetch success responded without schemas renders empty table" duration="52"/>
    <testCase name="List fetch success responded with schemas renders list" duration="33"/>
    <testCase name="List fetch success responded with schemas handles onRowClick" duration="119"/>
    <testCase name="List fetch success responded with readonly cluster schemas does not render Create Schema button" duration="11"/>
    <testCase name="List check the compatibility layer should check if the compatibility layer component is being shown" duration="11"/>
  </file>
  <file path="/Users/germanosin/Documents/projects/kafbat/kafka-ui/frontend/src/components/Brokers/Broker/Configs/__test__/Configs.spec.tsx">
    <testCase name="Configs renders configs table" duration="121"/>
    <testCase name="Configs updates textbox value" duration="377"/>
  </file>
  <file path="/Users/germanosin/Documents/projects/kafbat/kafka-ui/frontend/src/components/Brokers/Broker/BrokerLogdir/__test__/BrokerLogdir.spec.tsx">
    <testCase name="BrokerLogdir Component shows warning when server returns undefined logDirs response" duration="73"/>
    <testCase name="BrokerLogdir Component shows warning when server returns empty logDirs response" duration="39"/>
    <testCase name="BrokerLogdir Component shows brokers" duration="189"/>
  </file>
  <file path="/Users/germanosin/Documents/projects/kafbat/kafka-ui/frontend/src/components/Topics/Topic/Messages/Filters/__tests__/SavedFilters.spec.tsx">
    <testCase name="SavedFilter Component Empty Filters Rendering should check the rendering of the empty filter" duration="36"/>
    <testCase name="SavedFilter Component Saved Filters Deleting Editing should check the normal data rendering" duration="4"/>
    <testCase name="SavedFilter Component Saved Filters Deleting Editing should check the Filter edit Button works" duration="75"/>
    <testCase name="SavedFilter Component Saved Filters Deleting Editing should check the select filter" duration="37"/>
    <testCase name="SavedFilter Component Saved Filters Deletion Open Confirmation for the deletion modal" duration="40"/>
    <testCase name="SavedFilter Component Saved Filters Deletion Close Confirmations deletion modal with button" duration="66"/>
    <testCase name="SavedFilter Component Saved Filters Deletion Delete the saved filter" duration="83"/>
  </file>
  <file path="/Users/germanosin/Documents/projects/kafbat/kafka-ui/frontend/src/components/common/Input/__tests__/Input.spec.tsx">
    <testCase name="Custom Input with no icons to be in the document" duration="34"/>
    <testCase name="Custom Input number input allows user to type numbers only" duration="43"/>
    <testCase name="Custom Input number input allows user to type negative values" duration="21"/>
    <testCase name="Custom Input number input allows user to type positive values only" duration="22"/>
    <testCase name="Custom Input number input allows user to type decimal" duration="34"/>
    <testCase name="Custom Input number input allows user to type integer only" duration="33"/>
    <testCase name="Custom Input number input not allow &apos;-&apos; appear at any position of the string except the start" duration="32"/>
    <testCase name="Custom Input number input not allow &apos;.&apos; appear at the start of the string" duration="34"/>
    <testCase name="Custom Input number input not allow &apos;.&apos; appear twice in the string" duration="25"/>
    <testCase name="Custom Input number paste allows user to paste numbers only" duration="45"/>
    <testCase name="Custom Input number paste allows user to paste negative values" duration="18"/>
    <testCase name="Custom Input number paste allows user to paste positive values only" duration="16"/>
    <testCase name="Custom Input number paste allows user to paste decimal" duration="18"/>
    <testCase name="Custom Input number paste allows user to paste integer only" duration="18"/>
    <testCase name="Custom Input number paste not allow &apos;-&apos; appear at any position of the pasted string except the start" duration="19"/>
    <testCase name="Custom Input number paste not allow &apos;.&apos; appear at the start of the pasted string" duration="22"/>
    <testCase name="Custom Input number paste not allow &apos;.&apos; appear twice in the pasted string" duration="18"/>
  </file>
  <file path="/Users/germanosin/Documents/projects/kafbat/kafka-ui/frontend/src/components/Topics/Topic/Overview/__test__/Overview.spec.tsx">
    <testCase name="Overview at least one replica was rendered" duration="74"/>
    <testCase name="Overview renders replica cell with props" duration="3"/>
    <testCase name="Overview when replicas out of sync should be the appropriate color" duration="2"/>
    <testCase name="Overview when it has internal flag renders the Action button for Topic" duration="11"/>
    <testCase name="Overview when it has internal flag does not render Partitions" duration="22"/>
    <testCase name="Overview should render circular alert should be in document" duration="41"/>
    <testCase name="Overview should render circular alert should be the appropriate color" duration="47"/>
    <testCase name="Overview when Clear Messages is clicked should when Clear Messages is clicked" duration="85"/>
    <testCase name="Overview when the table partition dropdown appearance should check if the dropdown is disabled when it is readOnly" duration="11"/>
    <testCase name="Overview when the table partition dropdown appearance should check if the dropdown is disabled when it is internal" duration="10"/>
    <testCase name="Overview when the table partition dropdown appearance should check if the dropdown is disabled when cleanUpPolicy is not DELETE" duration="15"/>
  </file>
  <file path="/Users/germanosin/Documents/projects/kafbat/kafka-ui/frontend/src/components/Connect/New/__tests__/New.spec.tsx">
    <testCase name="New calls createConnector on form submit and redirects to the list page on success" duration="267"/>
    <testCase name="New does not redirect to connector details view on unsuccessful submit" duration="183"/>
  </file>
  <file path="/Users/germanosin/Documents/projects/kafbat/kafka-ui/frontend/src/components/Topics/Topic/Messages/__test__/PreviewModal.spec.tsx">
    <testCase name="PreviewModal component closes PreviewModal" duration="75"/>
    <testCase name="PreviewModal component return if empty inputs" duration="32"/>
    <testCase name="PreviewModal component Input elements field input" duration="39"/>
    <testCase name="PreviewModal component Input elements path input" duration="73"/>
    <testCase name="PreviewModal component edit and remove functionality remove values" duration="27"/>
    <testCase name="PreviewModal component edit and remove functionality edit values" duration="60"/>
  </file>
  <file path="/Users/germanosin/Documents/projects/kafbat/kafka-ui/frontend/src/components/Schemas/New/__test__/New.spec.tsx">
    <testCase name="New Component renders component" duration="45"/>
    <testCase name="New Component submit button will be disabled while form fields are not filled" duration="30"/>
    <testCase name="New Component submit button will be enabled when form fields are filled" duration="115"/>
  </file>
  <file path="/Users/germanosin/Documents/projects/kafbat/kafka-ui/frontend/src/components/__tests__/App.spec.tsx">
    <testCase name="App Renders navigation" duration="177"/>
    <testCase name="App Renders NavBar" duration="40"/>
  </file>
  <file path="/Users/germanosin/Documents/projects/kafbat/kafka-ui/frontend/src/components/common/InputWithOptions/__tests__/InputWithOptions.spec.tsx">
    <testCase name="InputWithOptions component renders component" duration="31"/>
    <testCase name="InputWithOptions component shows select options when select is being clicked" duration="59"/>
    <testCase name="InputWithOptions component checking select option change" duration="68"/>
    <testCase name="InputWithOptions component trying to select disabled option does not trigger change" duration="109"/>
    <testCase name="InputWithOptions component allows user to type" duration="63"/>
    <testCase name="InputWithOptions component options list depends on the input value" duration="64"/>
    <testCase name="InputWithOptions component click outside closes the list" duration="24"/>
    <testCase name="InputWithOptions component click outside select option" duration="47"/>
  </file>
  <file path="/Users/germanosin/Documents/projects/kafbat/kafka-ui/frontend/src/lib/hooks/api/__tests__/clusters.spec.ts">
    <testCase name="Clusters hooks useClusters returns the correct data" duration="65"/>
    <testCase name="Clusters hooks useClusterStats returns the correct data" duration="56"/>
  </file>
  <file path="/Users/germanosin/Documents/projects/kafbat/kafka-ui/frontend/src/components/Schemas/Details/__test__/Details.spec.tsx">
    <testCase name="Details fetch failed renders page loader" duration="29"/>
    <testCase name="Details fetch success has schema versions renders component with schema info" duration="78"/>
    <testCase name="Details fetch success fetch success schema with non ascii characters has schema versions renders component with schema info" duration="34"/>
    <testCase name="Details fetch success empty schema versions renders versions table with 0 items" duration="29"/>
  </file>
  <file path="/Users/germanosin/Documents/projects/kafbat/kafka-ui/frontend/src/components/ConsumerGroups/__test__/List.spec.tsx">
    <testCase name="ConsumerGroups List renders consumer lag values correctly" duration="71"/>
  </file>
  <file path="/Users/germanosin/Documents/projects/kafbat/kafka-ui/frontend/src/components/Schemas/List/GlobalSchemaSelector/__test__/GlobalSchemaSelector.spec.tsx">
    <testCase name="GlobalSchemaSelector renders with initial prop" duration="39"/>
    <testCase name="GlobalSchemaSelector shows popup when select value is changed" duration="59"/>
    <testCase name="GlobalSchemaSelector resets select value when cancel is clicked" duration="91"/>
    <testCase name="GlobalSchemaSelector sets new schema when confirm is clicked" duration="98"/>
  </file>
  <file path="/Users/germanosin/Documents/projects/kafbat/kafka-ui/frontend/src/components/common/Select/__tests__/Select.spec.tsx">
    <testCase name="Custom Select when isLive is not specified renders component" duration="29"/>
    <testCase name="Custom Select when isLive is not specified show select options when select is being clicked" duration="34"/>
    <testCase name="Custom Select when isLive is not specified checking select option change" duration="44"/>
    <testCase name="Custom Select when isLive is not specified trying to select disabled option does not trigger change" duration="73"/>
  </file>
  <file path="/Users/germanosin/Documents/projects/kafbat/kafka-ui/frontend/src/components/Topics/shared/Form/__tests__/TopicForm.styled.spec.tsx">
    <testCase name="TopicForm styled components Button should check the button styling in isActive state" duration="20"/>
    <testCase name="TopicForm styled components Button should check the button styling in non Active state" duration="5"/>
  </file>
  <file path="/Users/germanosin/Documents/projects/kafbat/kafka-ui/frontend/src/components/Nav/Menu/__tests__/MenuItem.spec.tsx">
    <testCase name="MenuItem renders component with correct title" duration="3"/>
    <testCase name="MenuItem renders primary variant component with correct styles" duration="15"/>
    <testCase name="MenuItem renders secondary variant component with correct styles" duration="5"/>
    <testCase name="MenuItem renders list item with link inside" duration="6"/>
  </file>
  <file path="/Users/germanosin/Documents/projects/kafbat/kafka-ui/frontend/src/components/Topics/Topic/Edit/__test__/Edit.spec.tsx">
    <testCase name="Edit Component renders DangerZone component" duration="68"/>
    <testCase name="Edit Component submits form correctly" duration="103"/>
  </file>
  <file path="/Users/germanosin/Documents/projects/kafbat/kafka-ui/frontend/src/components/common/ActionComponent/ActionSelect/__tests__/ActionSelect.spec.tsx">
    <testCase name="ActionSelect should render the button with the correct text, for the permission tooltip not to show" duration="40"/>
    <testCase name="ActionSelect should make the button disable and view the tooltip with the default text" duration="58"/>
    <testCase name="ActionSelect should make the button disable and view the tooltip with the given text" duration="49"/>
    <testCase name="ActionSelect should render the Select, but disabled cause the given role is not correct" duration="51"/>
  </file>
  <file path="/Users/germanosin/Documents/projects/kafbat/kafka-ui/frontend/src/components/Topics/Topic/Statistics/__test__/Statistics.spec.tsx">
    <testCase name="Statistics renders Metrics component" duration="67"/>
    <testCase name="Statistics renders Start Analysis button" duration="38"/>
  </file>
  <file path="/Users/germanosin/Documents/projects/kafbat/kafka-ui/frontend/src/components/common/table/__tests__/TableHeaderCell.spec.tsx">
    <testCase name="TableHeaderCell renders without props" duration="27"/>
    <testCase name="TableHeaderCell renders with title &amp; preview text" duration="11"/>
    <testCase name="TableHeaderCell renders with orderable props" duration="22"/>
    <testCase name="TableHeaderCell renders click on title triggers handler" duration="25"/>
    <testCase name="TableHeaderCell renders space on title triggers handler" duration="23"/>
    <testCase name="TableHeaderCell click on preview triggers handler" duration="21"/>
    <testCase name="TableHeaderCell click on preview triggers handler" duration="22"/>
    <testCase name="TableHeaderCell renders without sort indication" duration="8"/>
    <testCase name="TableHeaderCell renders with hightlighted title when orderBy and orderValue are equal" duration="6"/>
    <testCase name="TableHeaderCell renders without hightlighted title when orderBy and orderValue are not equal" duration="6"/>
    <testCase name="TableHeaderCell renders with default (primary) theme" duration="6"/>
  </file>
  <file path="/Users/germanosin/Documents/projects/kafbat/kafka-ui/frontend/src/components/Topics/List/__tests__/ListPage.spec.tsx">
    <testCase name="ListPage Component Component Render handles switch of Internal Topics visibility" duration="113"/>
    <testCase name="ListPage Component Component Render renders the TopicsTable" duration="9"/>
  </file>
  <file path="/Users/germanosin/Documents/projects/kafbat/kafka-ui/frontend/src/components/Topics/shared/Form/__tests__/TimeToRetainBtns.spec.tsx">
    <testCase name="TimeToRetainBtns should test the normal view rendering of the component" duration="42"/>
  </file>
  <file path="/Users/germanosin/Documents/projects/kafbat/kafka-ui/frontend/src/components/common/Search/__tests__/Search.spec.tsx">
    <testCase name="Search calls handleSearch on input" duration="55"/>
    <testCase name="Search when placeholder is provided" duration="9"/>
    <testCase name="Search when placeholder is not provided" duration="3"/>
    <testCase name="Search Clear button is visible" duration="8"/>
    <testCase name="Search Clear button should clear text from input" duration="42"/>
  </file>
  <file path="/Users/germanosin/Documents/projects/kafbat/kafka-ui/frontend/src/lib/hooks/api/__tests__/brokers.spec.ts">
    <testCase name="Brokers hooks useBrokers useBrokers" duration="71"/>
    <testCase name="Brokers hooks useBrokerMetrics useBrokerMetrics" duration="56"/>
    <testCase name="Brokers hooks useBrokerLogDirs useBrokerLogDirs" duration="57"/>
  </file>
  <file path="/Users/germanosin/Documents/projects/kafbat/kafka-ui/frontend/src/components/Topics/Topic/Messages/Filters/__tests__/FiltersMetrics.spec.tsx">
    <testCase name="FiltersMetrics phase Message should check if the phase message phase is visible during and isFetching not tailing mode" duration="27"/>
    <testCase name="FiltersMetrics phase Message should check if the phase message phase is not visible during tailing modes and is fetching" duration="8"/>
    <testCase name="FiltersMetrics phase Message should check if the phase message phase is not visible during Live other modes and not fetching" duration="3"/>
    <testCase name="FiltersMetrics consumptionStats data should check elapsed time is" duration="3"/>
    <testCase name="FiltersMetrics consumptionStats data should check elapsed time is 0 is negative data" duration="2"/>
    <testCase name="FiltersMetrics consumptionStats data should check messages consume text" duration="2"/>
    <testCase name="FiltersMetrics consumptionStats data should check messages consume empty state" duration="3"/>
    <testCase name="FiltersMetrics consumptionStats data should check Bytes consumed text" duration="2"/>
    <testCase name="FiltersMetrics consumptionStats data should check Bytes consumed text empty state" duration="3"/>
    <testCase name="FiltersMetrics consumptionStats data should check filter error is visible" duration="3"/>
    <testCase name="FiltersMetrics consumptionStats data should check Bytes consumed text empty state" duration="3"/>
    <testCase name="FiltersMetrics consumptionStats data should check if the abortFetch Data is being called when clicked" duration="17"/>
  </file>
  <file path="/Users/germanosin/Documents/projects/kafbat/kafka-ui/frontend/src/components/Connect/List/__tests__/ListPage.spec.tsx">
    <testCase name="Connectors List Page Heading renders header without create button for readonly cluster" duration="49"/>
    <testCase name="Connectors List Page Heading renders header with create button for read/write cluster" duration="44"/>
    <testCase name="Connectors List Page renders search input" duration="7"/>
    <testCase name="Connectors List Page renders list" duration="7"/>
    <testCase name="Connectors List Page Metrics renders indicators in loading state" duration="16"/>
    <testCase name="Connectors List Page Metrics renders indicators for empty list of connectors" duration="11"/>
    <testCase name="Connectors List Page Metrics renders indicators when connectors list is undefined" duration="11"/>
    <testCase name="Connectors List Page Metrics renders indicators list of connectors" duration="27"/>
    <testCase name="Connectors List Page Create new connector Create new connector button is enabled when connects list is not empty" duration="7"/>
    <testCase name="Connectors List Page Create new connector Create new connector button is disabled when connects list is empty" duration="7"/>
  </file>
  <file path="/Users/germanosin/Documents/projects/kafbat/kafka-ui/frontend/src/components/Topics/Topic/Messages/Filters/__tests__/InfoModal.spec.tsx">
    <testCase name="InfoModal component closes InfoModal" duration="66"/>
  </file>
  <file path="/Users/germanosin/Documents/projects/kafbat/kafka-ui/frontend/src/components/Topics/Topic/ConsumerGroups/__test__/TopicConsumerGroups.spec.tsx">
    <testCase name="TopicConsumerGroups renders empty table if consumer groups payload is empty" duration="47"/>
    <testCase name="TopicConsumerGroups renders empty table if consumer groups payload is undefined" duration="15"/>
    <testCase name="TopicConsumerGroups renders table of consumer groups" duration="14"/>
  </file>
  <file path="/Users/germanosin/Documents/projects/kafbat/kafka-ui/frontend/src/components/Brokers/Broker/__test__/Broker.spec.tsx">
    <testCase name="Broker Component shows broker found" duration="15"/>
    <testCase name="Broker Component renders Broker Logdir" duration="30"/>
    <testCase name="Broker Component renders Broker Metrics" duration="10"/>
  </file>
  <file path="/Users/germanosin/Documents/projects/kafbat/kafka-ui/frontend/src/components/common/ActionComponent/ActionNavLink/__tests__/ActionNavLink.spec.tsx">
    <testCase name="ActionNavLink should render the button with the correct text, for the permission tooltip not to show" duration="32"/>
    <testCase name="ActionNavLink should make the button disable and view the tooltip with the default text" duration="71"/>
    <testCase name="ActionNavLink should make the button disable and view the tooltip with the given text" duration="38"/>
    <testCase name="ActionNavLink should render the Link with the correct text, but disabled cause the given role is not correct" duration="50"/>
  </file>
  <file path="/Users/germanosin/Documents/projects/kafbat/kafka-ui/frontend/src/components/Brokers/Broker/Configs/TableComponents/InputCell/__test__/InputCellEditMode.spec.tsx">
    <testCase name="InputCellEditMode renders with initial value" duration="44"/>
    <testCase name="InputCellEditMode calls onSave with new value" duration="64"/>
    <testCase name="InputCellEditMode calls onCancel" duration="26"/>
  </file>
  <file path="/Users/germanosin/Documents/projects/kafbat/kafka-ui/frontend/src/components/ClusterPage/__tests__/ClusterPage.spec.tsx">
    <testCase name="ClusterPage renders Brokers" duration="31"/>
    <testCase name="ClusterPage renders Topics" duration="13"/>
    <testCase name="ClusterPage renders ConsumerGroups" duration="11"/>
    <testCase name="ClusterPage configured features renders Schemas if SCHEMA_REGISTRY is configured" duration="12"/>
    <testCase name="ClusterPage configured features does not render Schemas if SCHEMA_REGISTRY is not configured" duration="4"/>
    <testCase name="ClusterPage configured features renders Schemas if KAFKA_CONNECT is configured" duration="10"/>
    <testCase name="ClusterPage configured features does not render Schemas if KAFKA_CONNECT is not configured" duration="4"/>
    <testCase name="ClusterPage configured features renders Schemas if KAFKA_CONNECT is configured" duration="6"/>
    <testCase name="ClusterPage configured features does not render Schemas if KAFKA_CONNECT is not configured" duration="5"/>
    <testCase name="ClusterPage configured features renders Schemas if KSQL_DB is configured" duration="13"/>
    <testCase name="ClusterPage configured features does not render Schemas if KSQL_DB is not configured" duration="4"/>
  </file>
  <file path="/Users/germanosin/Documents/projects/kafbat/kafka-ui/frontend/src/components/Topics/Topic/Messages/__test__/Messages.spec.tsx">
    <testCase name="Messages component rendering default behavior with the search params should check if the filters are shown in the messages" duration="6"/>
    <testCase name="Messages component rendering default behavior with the search params should check if the table of messages are shown in the messages" duration="1"/>
  </file>
  <file path="/Users/germanosin/Documents/projects/kafbat/kafka-ui/frontend/src/components/common/ActionComponent/ActionButton/ActionCanButton/__tests__/ActionCanButton.spec.tsx">
    <testCase name="ActionButton should render the button with the correct text, for the permission tooltip not to show" duration="40"/>
    <testCase name="ActionButton should make the button disable and view the tooltip with the default text" duration="43"/>
    <testCase name="ActionButton should make the button disable and view the tooltip with the given text" duration="53"/>
  </file>
  <file path="/Users/germanosin/Documents/projects/kafbat/kafka-ui/frontend/src/components/NavBar/__tests__/NavBar.spec.tsx">
    <testCase name="NavBar correctly renders header" duration="100"/>
  </file>
  <file path="/Users/germanosin/Documents/projects/kafbat/kafka-ui/frontend/src/components/ConsumerGroups/Details/TopicContents/__test__/TopicContents.spec.tsx">
    <testCase name="TopicContent renders empty table" duration="48"/>
    <testCase name="TopicContent renders table with content" duration="14"/>
  </file>
  <file path="/Users/germanosin/Documents/projects/kafbat/kafka-ui/frontend/src/components/Connect/Details/Overview/__tests__/Overview.spec.tsx">
    <testCase name="Overview is empty when no connector" duration="6"/>
    <testCase name="Overview when connector is loaded renders metrics" duration="15"/>
  </file>
  <file path="/Users/germanosin/Documents/projects/kafbat/kafka-ui/frontend/src/components/Topics/Topic/Messages/__test__/Message.spec.tsx">
    <testCase name="Message component shows the data in the table row" duration="18"/>
    <testCase name="Message component check the useDataSaver functionality" duration="3"/>
    <testCase name="Message component should check the dropdown being visible during hover" duration="64"/>
    <testCase name="Message component should check open Message Content functionality" duration="21"/>
    <testCase name="Message component should check if Preview filter showing for key" duration="3"/>
    <testCase name="Message component should check if Preview filter showing for Value" duration="3"/>
  </file>
  <file path="/Users/germanosin/Documents/projects/kafbat/kafka-ui/frontend/src/components/common/PageLoader/__tests__/PageLoader.spec.tsx">
    <testCase name="PageLoader renders spinner" duration="29"/>
  </file>
  <file path="/Users/germanosin/Documents/projects/kafbat/kafka-ui/frontend/src/components/Connect/__tests__/Connect.spec.tsx">
    <testCase name="Connect renders ListPage" duration="3"/>
    <testCase name="Connect renders New Page" duration="2"/>
    <testCase name="Connect renders Details Page" duration="1"/>
  </file>
  <file path="/Users/germanosin/Documents/projects/kafbat/kafka-ui/frontend/src/lib/hooks/__tests__/useCreatePermission.spec.tsx">
    <testCase name="useCreatePermission should check if the hook renders the same value as the isPermittedToCreate Headless logic method" duration="1"/>
    <testCase name="useCreatePermission should check if the hook renders the same value as the isPermittedToCreate Headless logic method for Schema" duration="1"/>
    <testCase name="useCreatePermission should check if the hook renders the same value as the isPermittedToCreate Headless logic method for another Cluster" duration="0"/>
  </file>
  <file path="/Users/germanosin/Documents/projects/kafbat/kafka-ui/frontend/src/components/common/Button/__tests__/Button.spec.tsx">
    <testCase name="Button renders small primary Button" duration="31"/>
    <testCase name="Button renders medium size secondary Button" duration="13"/>
    <testCase name="Button renders small Button" duration="7"/>
    <testCase name="Button renders link with large primary button inside" duration="9"/>
    <testCase name="Button renders disabled button and spinner when inProgress truthy" duration="16"/>
  </file>
  <file path="/Users/germanosin/Documents/projects/kafbat/kafka-ui/frontend/src/components/common/ActionComponent/ActionButton/__tests__/ActionButton.spec.tsx">
    <testCase name="ActionButton should check when passes action create it renders create component" duration="3"/>
    <testCase name="ActionButton should check when passes other actions types it renders Others component" duration="1"/>
  </file>
  <file path="/Users/germanosin/Documents/projects/kafbat/kafka-ui/frontend/src/lib/hooks/api/__tests__/topicMessages.spec.ts">
    <testCase name="Topic Messages hooks handles useSerdes" duration="62"/>
  </file>
  <file path="/Users/germanosin/Documents/projects/kafbat/kafka-ui/frontend/src/components/Topics/Topic/SendMessage/__test__/utils.spec.ts">
    <testCase name="SendMessage utils getDefaultValues should return default values" duration="2"/>
    <testCase name="SendMessage utils getDefaultValues works even with empty serdes" duration="0"/>
    <testCase name="SendMessage utils getSerdeOptions should return options" duration="0"/>
    <testCase name="SendMessage utils getSerdeOptions should skip options without label" duration="0"/>
    <testCase name="SendMessage utils validateBySchema should return empty error data if value is empty" duration="4"/>
    <testCase name="SendMessage utils validateBySchema should return empty error data if schema is empty" duration="1"/>
    <testCase name="SendMessage utils validateBySchema should return parsing error data if schema is not parsed with type of key" duration="0"/>
    <testCase name="SendMessage utils validateBySchema should return parsing error data if schema is not parsed with type of key" duration="1"/>
    <testCase name="SendMessage utils validateBySchema should return empty error data if schema type is string" duration="0"/>
    <testCase name="SendMessage utils validateBySchema returns errors on invalid input data" duration="32"/>
    <testCase name="SendMessage utils validateBySchema returns error on broken key value" duration="0"/>
    <testCase name="SendMessage utils validateBySchema returns error on broken content value" duration="0"/>
    <testCase name="SendMessage utils validateBySchema should successfully validate when schema references json-schema version draft-07" duration="8"/>
    <testCase name="SendMessage utils validateBySchema should successfully validate when schema references json-schema version draft-06" duration="12"/>
    <testCase name="SendMessage utils validateBySchema should successfully validate when schema references json-schema version draft-04" duration="13"/>
    <testCase name="SendMessage utils validateBySchema should successfully validate when schema references json-schema version draft-2019-09" duration="17"/>
    <testCase name="SendMessage utils validateBySchema should successfully validate when schema references json-schema version draft-2020-12" duration="17"/>
  </file>
  <file path="/Users/germanosin/Documents/projects/kafbat/kafka-ui/frontend/src/components/Schemas/__test__/Schemas.spec.tsx">
    <testCase name="Schemas renders List" duration="6"/>
    <testCase name="Schemas renders New" duration="2"/>
    <testCase name="Schemas renders Details" duration="1"/>
    <testCase name="Schemas renders Edit" duration="2"/>
  </file>
  <file path="/Users/germanosin/Documents/projects/kafbat/kafka-ui/frontend/src/components/Version/__tests__/Version.spec.tsx">
    <testCase name="Version Component render latest version renders latest release version as current version" duration="12"/>
    <testCase name="Version Component render latest version should not show warning icon if it is last release" duration="2"/>
    <testCase name="Version Component show warning icon if it is not last release" duration="7"/>
  </file>
  <file path="/Users/germanosin/Documents/projects/kafbat/kafka-ui/frontend/src/components/Schemas/Details/__test__/LatestVersionItem.spec.tsx">
    <testCase name="LatestVersionItem renders latest version of json schema" duration="20"/>
    <testCase name="LatestVersionItem renders latest version of compatibility" duration="14"/>
  </file>
  <file path="/Users/germanosin/Documents/projects/kafbat/kafka-ui/frontend/src/components/common/ActionComponent/ActionPermissionWrapper/__tests__/ActionPermissionWrapper.spec.tsx">
    <testCase name="ActionPermissionWrapper children renders" duration="6"/>
    <testCase name="ActionPermissionWrapper action calls when allowed" duration="17"/>
    <testCase name="ActionPermissionWrapper action not calls when not allowed" duration="58"/>
  </file>
  <file path="/Users/germanosin/Documents/projects/kafbat/kafka-ui/frontend/src/components/Topics/Topic/Messages/Filters/__tests__/FilterSideBar.spec.tsx">
    <testCase name="FiltersSidebar component renders component with add filter modal" duration="6"/>
    <testCase name="FiltersSidebar component renders component with edit filter modal" duration="2"/>
    <testCase name="FiltersSidebar component renders component with edit filter modal" duration="24"/>
  </file>
  <file path="/Users/germanosin/Documents/projects/kafbat/kafka-ui/frontend/src/components/Nav/Menu/MenuColorPicker/__tests__/MenuColorPicker.spec.tsx">
    <testCase name="MenuColorPicker component renders all color circles" duration="12"/>
    <testCase name="MenuColorPicker component calls setColorKey with the correct color key when a color circle is clicked" duration="11"/>
    <testCase name="MenuColorPicker component renders the Dropdown component" duration="17"/>
  </file>
  <file path="/Users/germanosin/Documents/projects/kafbat/kafka-ui/frontend/src/components/common/Metrics/__tests__/Section.spec.tsx">
    <testCase name="Metrics.Section renders without title" duration="6"/>
    <testCase name="Metrics.Section renders with title" duration="9"/>
  </file>
  <file path="/Users/germanosin/Documents/projects/kafbat/kafka-ui/frontend/src/components/Topics/Topic/Settings/__test__/Settings.spec.tsx">
    <testCase name="Settings renders without CustomValue" duration="46"/>
  </file>
  <file path="/Users/germanosin/Documents/projects/kafbat/kafka-ui/frontend/src/components/Topics/Topic/Edit/__test__/topicParamsTransformer.spec.ts">
    <testCase name="getValue returns value when field exists" duration="0"/>
    <testCase name="getValue returns default value when field does not exists" duration="0"/>
    <testCase name="topicParamsTransformer returns default values when config payload is not defined" duration="0"/>
    <testCase name="topicParamsTransformer returns default values when topic payload is not defined" duration="1"/>
    <testCase name="topicParamsTransformer returns transformed config" duration="0"/>
    <testCase name="topicParamsTransformer returns default partitions config" duration="0"/>
    <testCase name="topicParamsTransformer returns empty list of custom params" duration="0"/>
    <testCase name="topicParamsTransformer returns list of custom params" duration="0"/>
  </file>
  <file path="/Users/germanosin/Documents/projects/kafbat/kafka-ui/frontend/src/components/NavBar/UserInfo/__tests__/UserInfo.spec.tsx">
    <testCase name="UserInfo should render the userInfo with correct data" duration="13"/>
    <testCase name="UserInfo should render the userInfo during click opens the dropdown" duration="46"/>
    <testCase name="UserInfo should render correct url during basePath initialization" duration="5"/>
    <testCase name="UserInfo should not render anything if the username does not exists" duration="5"/>
  </file>
  <file path="/Users/germanosin/Documents/projects/kafbat/kafka-ui/frontend/src/components/Topics/__tests__/Topics.spec.tsx">
    <testCase name="Topics Component should check if the page is Topics List rendered" duration="30"/>
    <testCase name="Topics Component should check if the page is  New Topic  rendered" duration="6"/>
    <testCase name="Topics Component should check if the page is Copy Topic rendered" duration="1"/>
    <testCase name="Topics Component should check if the page is Topic page rendered" duration="7"/>
  </file>
  <file path="/Users/germanosin/Documents/projects/kafbat/kafka-ui/frontend/src/lib/hooks/api/__tests__/latestVersion.spec.ts">
    <testCase name="Latest version hooks useLatestVersion returns the correct data" duration="58"/>
  </file>
  <file path="/Users/germanosin/Documents/projects/kafbat/kafka-ui/frontend/src/components/Nav/Menu/__tests__/MenuTab.spec.tsx">
    <testCase name="MenuTab component renders cluster name" duration="33"/>
    <testCase name="MenuTab component renders correct status icon for online cluster" duration="9"/>
    <testCase name="MenuTab component renders correct status icon for offline cluster" duration="8"/>
    <testCase name="MenuTab component handles onClick action" duration="13"/>
  </file>
  <file path="/Users/germanosin/Documents/projects/kafbat/kafka-ui/frontend/src/lib/__test__/paths.spec.ts">
    <testCase name="Paths gitCommitPath" duration="1"/>
    <testCase name="Paths getNonExactPath" duration="0"/>
    <testCase name="Paths clusterPath" duration="0"/>
    <testCase name="Paths clusterBrokersPath" duration="1"/>
    <testCase name="Paths clusterConsumerGroupsPath" duration="0"/>
    <testCase name="Paths clusterConsumerGroupDetailsPath" duration="0"/>
    <testCase name="Paths clusterConsumerGroupResetOffsetsPath" duration="0"/>
    <testCase name="Paths clusterSchemasPath" duration="0"/>
    <testCase name="Paths clusterSchemaNewPath" duration="0"/>
    <testCase name="Paths clusterSchemaPath" duration="0"/>
    <testCase name="Paths clusterSchemaEditPath" duration="1"/>
    <testCase name="Paths clusterSchemaComparePath" duration="0"/>
    <testCase name="Paths clusterTopicsPath" duration="0"/>
    <testCase name="Paths clusterTopicNewPath" duration="0"/>
    <testCase name="Paths clusterTopicPath" duration="0"/>
    <testCase name="Paths clusterTopicSettingsPath" duration="0"/>
    <testCase name="Paths clusterTopicConsumerGroupsPath" duration="1"/>
    <testCase name="Paths clusterTopicMessagesPath" duration="0"/>
    <testCase name="Paths clusterTopicEditPath" duration="0"/>
    <testCase name="Paths clusterTopicCopyPath" duration="0"/>
    <testCase name="Paths clusterTopicStatisticsPath" duration="0"/>
    <testCase name="Paths clusterConnectsPath" duration="0"/>
    <testCase name="Paths clusterConnectorsPath" duration="0"/>
    <testCase name="Paths clusterConnectorNewPath" duration="0"/>
    <testCase name="Paths clusterConnectConnectorPath" duration="1"/>
    <testCase name="Paths clusterConnectConnectorsPath" duration="0"/>
    <testCase name="Paths clusterConnectConnectorEditPath" duration="0"/>
    <testCase name="Paths clusterConnectConnectorTasksPath" duration="4"/>
    <testCase name="Paths clusterConnectConnectorConfigPath" duration="1"/>
    <testCase name="Paths clusterKsqlDbPath" duration="0"/>
    <testCase name="Paths clusterKsqlDbQueryPath" duration="0"/>
    <testCase name="Paths clusterKsqlDbTablesPath" duration="0"/>
    <testCase name="Paths clusterKsqlDbStreamsPath" duration="0"/>
  </file>
  <file path="/Users/germanosin/Documents/projects/kafbat/kafka-ui/frontend/src/lib/hooks/__tests__/usePermission.spec.tsx">
    <testCase name="usePermission should check if the hook renders the same value as the isPermitted Headless logic method" duration="2"/>
    <testCase name="usePermission should check if the hook renders the same value as the isPermitted Headless logic method for Schema" duration="0"/>
    <testCase name="usePermission should check if the hook renders the same value as the isPermitted Headless logic method for another Cluster" duration="1"/>
  </file>
  <file path="/Users/germanosin/Documents/projects/kafbat/kafka-ui/frontend/src/components/common/Metrics/__tests__/Indicator.spec.tsx">
    <testCase name="Indicator renders indicator" duration="5"/>
    <testCase name="Indicator should render circular alert should be in document" duration="20"/>
    <testCase name="Indicator should render circular alert success alert" duration="9"/>
    <testCase name="Indicator should render circular alert error alert" duration="8"/>
    <testCase name="Indicator should render circular alert warning alert" duration="5"/>
    <testCase name="Indicator should render circular alert info alert" duration="6"/>
  </file>
  <file path="/Users/germanosin/Documents/projects/kafbat/kafka-ui/frontend/src/components/Topics/shared/Form/__tests__/TimeToRetainBtn.spec.tsx">
    <testCase name="TimeToRetainBtn Component rendering with its Default Props Setups should test the component rendering on the screen" duration="32"/>
    <testCase name="TimeToRetainBtn Component rendering with its Default Props Setups should test the non active state of the button and its styling" duration="8"/>
    <testCase name="TimeToRetainBtn Component rendering with its Default Props Setups should test the non active state with click becoming active" duration="20"/>
    <testCase name="TimeToRetainBtn Component rendering with its Default Props Setups should test the active state of the button and its styling" duration="4"/>
  </file>
  <file path="/Users/germanosin/Documents/projects/kafbat/kafka-ui/frontend/src/lib/__test__/permission.spec.ts">
    <testCase name="Permission Helpers modifyRoles should check if it transforms the data in a correct format to normal keys" duration="8"/>
    <testCase name="Permission Helpers modifyRoles should check if it transforms the data length in keys are correct" duration="1"/>
    <testCase name="Permission Helpers isPermitted should check if the isPermitted returns the correct when there is no roles or clusters" duration="0"/>
    <testCase name="Permission Helpers isPermitted should check if the isPermitted returns the correct value without resource values (exempt list)" duration="1"/>
    <testCase name="Permission Helpers isPermitted should check if the isPermitted returns the correct value with name values" duration="1"/>
    <testCase name="Permission Helpers isPermitted should test the algorithmic worse case when the input is multiple actions" duration="0"/>
    <testCase name="Permission Helpers isPermitted should check the rbac flag and works with permissions accordingly" duration="0"/>
    <testCase name="Permission Helpers isPermittedToCreate should check if the isPermitted returns the correct when there is no roles or clusters" duration="1"/>
  </file>
  <file path="/Users/germanosin/Documents/projects/kafbat/kafka-ui/frontend/src/components/common/DiffViewer/__tests__/DiffViewer.spec.tsx">
    <testCase name="Editor component renders" duration="14"/>
    <testCase name="Editor component renders with fixed height" duration="16"/>
    <testCase name="Editor component renders with fixed height with no value" duration="15"/>
    <testCase name="Editor component renders without fixed height with no value" duration="8"/>
    <testCase name="Editor component renders without fixed height with one value" duration="7"/>
  </file>
  <file path="/Users/germanosin/Documents/projects/kafbat/kafka-ui/frontend/src/components/common/ProgressBar/__test__/ProgressBar.spec.tsx">
    <testCase name="Progressbar renders correct percentage" duration="9"/>
    <testCase name="Progressbar renders correct percentage" duration="4"/>
    <testCase name="Progressbar renders correct percentage" duration="3"/>
    <testCase name="Progressbar renders correct percentage" duration="10"/>
  </file>
  <file path="/Users/germanosin/Documents/projects/kafbat/kafka-ui/frontend/src/components/Connect/Details/Config/__tests__/Config.spec.tsx">
    <testCase name="Config calls updateConfig and redirects to connector config view on successful submit" duration="50"/>
    <testCase name="Config does not redirect to connector config view on unsuccessful submit" duration="9"/>
  </file>
  <file path="/Users/germanosin/Documents/projects/kafbat/kafka-ui/frontend/src/components/common/SQLEditor/__tests__/SQLEditor.spec.tsx">
    <testCase name="SQLEditor component to be in the document with fixed height" duration="33"/>
    <testCase name="SQLEditor component to be in the document with fixed height with no value" duration="11"/>
  </file>
  <file path="/Users/germanosin/Documents/projects/kafbat/kafka-ui/frontend/src/components/ErrorPage/__tests__/ErrorPage.spec.tsx">
    <testCase name="ErrorPage should check Error Page rendering with default text" duration="48"/>
    <testCase name="ErrorPage should check Error Page rendering with custom text" duration="2"/>
  </file>
  <file path="/Users/germanosin/Documents/projects/kafbat/kafka-ui/frontend/src/components/Connect/Details/__tests__/DetailsPage.spec.tsx">
    <testCase name="Details Page renders actions" duration="7"/>
    <testCase name="Details Page renders overview pane" duration="17"/>
    <testCase name="Details Page Router component tests should test if tasks is rendering" duration="9"/>
    <testCase name="Details Page Router component tests should test if list is rendering" duration="6"/>
  </file>
  <file path="/Users/germanosin/Documents/projects/kafbat/kafka-ui/frontend/src/lib/__test__/dateTimeHelpers.spec.ts">
    <testCase name="format Milliseconds hours &gt; 0" duration="0"/>
    <testCase name="format Milliseconds minutes &gt; 0" duration="1"/>
    <testCase name="format Milliseconds seconds &gt; 0" duration="0"/>
    <testCase name="format Milliseconds milliseconds &gt; 0" duration="0"/>
    <testCase name="calculate timer time value &lt; 10" duration="0"/>
    <testCase name="calculate timer time value &gt; 9" duration="0"/>
    <testCase name="calculate timer run calculate time" duration="0"/>
    <testCase name="calculate timer return when startedAt &gt; new Date()" duration="0"/>
  </file>
  <file path="/Users/germanosin/Documents/projects/kafbat/kafka-ui/frontend/src/components/common/EditorViewer/__test__/EditorViewer.spec.tsx">
    <testCase name="EditorViewer component renders JSONTree" duration="55"/>
    <testCase name="EditorViewer component to be in the document with fixed height with no value" duration="2"/>
  </file>
  <file path="/Users/germanosin/Documents/projects/kafbat/kafka-ui/frontend/src/theme/__tests__/hexToRgba.spec.ts">
    <testCase name="hexToRgba converts a 6-digit hex code to an RGBA string" duration="1"/>
    <testCase name="hexToRgba converts a 3-digit hex code to an RGBA string" duration="1"/>
    <testCase name="hexToRgba throws an error for invalid hex codes" duration="8"/>
    <testCase name="hexToRgba correctly applies opacity" duration="1"/>
    <testCase name="hexToRgba handles hex codes without a hash symbol" duration="0"/>
  </file>
  <file path="/Users/germanosin/Documents/projects/kafbat/kafka-ui/frontend/src/components/Nav/__tests__/Nav.spec.tsx">
    <testCase name="Nav renders loader" duration="11"/>
    <testCase name="Nav renders ClusterMenu" duration="52"/>
  </file>
  <file path="/Users/germanosin/Documents/projects/kafbat/kafka-ui/frontend/src/components/common/Alert/__tests__/Alert.spec.tsx">
    <testCase name="Alert renders with initial props" duration="15"/>
    <testCase name="Alert handles dismiss callback" duration="20"/>
  </file>
  <file path="/Users/germanosin/Documents/projects/kafbat/kafka-ui/frontend/src/components/common/table/TableHeaderCell/__test__/TableHeaderCell.styled.spec.tsx">
    <testCase name="TableHeaderCell.Styled Title Component test the default Parameters should test the props of Title Component" duration="21"/>
    <testCase name="TableHeaderCell.Styled Title Component Custom props should test the sort order styling of Title Component" duration="4"/>
    <testCase name="TableHeaderCell.Styled Title Component Custom props should test the Title Component styling without the ordering" duration="2"/>
    <testCase name="TableHeaderCell.Styled Preview Component should render the preview and check themes values" duration="2"/>
  </file>
  <file path="/Users/germanosin/Documents/projects/kafbat/kafka-ui/frontend/src/components/Brokers/Broker/Configs/lib/__test__/utils.spec.tsx">
    <testCase name="getConfigTableData filters configs by search query and sorts by source priority" duration="1"/>
    <testCase name="getConfigUnit identifies the unit of a configuration name" duration="1"/>
    <testCase name="getConfigDisplayValue masks sensitive data with asterisks" duration="0"/>
    <testCase name="getConfigDisplayValue returns formatted bytes when unit is &quot;bytes&quot; and value is positive" duration="2"/>
    <testCase name="getConfigDisplayValue returns value as is when unit is &quot;bytes&quot; but value is non-positive" duration="1"/>
    <testCase name="getConfigDisplayValue appends unit to the value when unit is provided and is not &quot;bytes&quot;" duration="0"/>
    <testCase name="getConfigDisplayValue returns value as is when no unit is provided" duration="0"/>
  </file>
  <file path="/Users/germanosin/Documents/projects/kafbat/kafka-ui/frontend/src/components/common/Tooltip/__tests__/Tooltip.spec.tsx">
    <testCase name="Tooltip should render the tooltip element with its value text" duration="8"/>
    <testCase name="Tooltip should render the tooltip with default closed" duration="2"/>
    <testCase name="Tooltip should render the tooltip with and open during hover" duration="32"/>
  </file>
  <file path="/Users/germanosin/Documents/projects/kafbat/kafka-ui/frontend/src/components/common/SuspenseQueryComponent/__test__/SuspenseQueryComponent.spec.tsx">
    <testCase name="SuspenseQueryComponent should render the inner component if no error occurs" duration="4"/>
    <testCase name="SuspenseQueryComponent should not render the inner component and call navigate" duration="19"/>
  </file>
  <file path="/Users/germanosin/Documents/projects/kafbat/kafka-ui/frontend/src/components/Nav/Menu/__tests__/MenuTab.styled.spec.tsx">
    <testCase name="Cluster Styled Components MenuItem Component should check the rendering and correct Styling when it is open" duration="14"/>
    <testCase name="Cluster Styled Components MenuItem Component should check the rendering and correct Styling when it is Not open" duration="4"/>
    <testCase name="Cluster Styled Components StatusIcon Component should check the rendering and correct Styling when it is online" duration="7"/>
    <testCase name="Cluster Styled Components StatusIcon Component should check the rendering and correct Styling when it is offline" duration="3"/>
    <testCase name="Cluster Styled Components StatusIcon Component should check the rendering and correct Styling when it is Initializing" duration="7"/>
  </file>
  <file path="/Users/germanosin/Documents/projects/kafbat/kafka-ui/frontend/src/components/Brokers/__test__/Brokers.spec.tsx">
    <testCase name="Brokers Component renders BrokersList" duration="4"/>
    <testCase name="Brokers Component renders Broker" duration="1"/>
  </file>
  <file path="/Users/germanosin/Documents/projects/kafbat/kafka-ui/frontend/src/components/Schemas/Edit/__tests__/Edit.spec.tsx">
    <testCase name="Edit Fetch is Errored should navigate to the 404 page when fetch is not successful" duration="2"/>
    <testCase name="Edit fetch success renders component with schema info" duration="2"/>
    <testCase name="Edit fetch is loading renders loader during" duration="28"/>
  </file>
  <file path="/Users/germanosin/Documents/projects/kafbat/kafka-ui/frontend/src/components/Schemas/Details/__test__/SchemaVersion.spec.tsx">
    <testCase name="SchemaVersion renders versions" duration="13"/>
  </file>
  <file path="/Users/germanosin/Documents/projects/kafbat/kafka-ui/frontend/src/lib/__test__/isRegex.spec.ts">
    <testCase name="isValidRegexp returns true when got foo/" duration="0"/>
    <testCase name="isValidRegexp returns true when got foo+" duration="0"/>
    <testCase name="isValidRegexp returns true when got foo[]" duration="0"/>
    <testCase name="isValidRegexp returns true when got foo*" duration="0"/>
    <testCase name="isValidRegexp returns false when got simple string" duration="0"/>
  </file>
  <file path="/Users/germanosin/Documents/projects/kafbat/kafka-ui/frontend/src/components/Topics/Topic/Messages/Filters/__tests__/Filters.styled.spec.tsx">
    <testCase name="Filters Styled components MessageLoading component should check the styling during live" duration="29"/>
    <testCase name="Filters Styled components MessageLoading component should check the styling during not live" duration="2"/>
  </file>
  <file path="/Users/germanosin/Documents/projects/kafbat/kafka-ui/frontend/src/lib/__test__/yupExtended.spec.ts">
    <testCase name="yup extended isValidJsonObject returns false for no value" duration="1"/>
    <testCase name="yup extended isValidJsonObject returns false for invalid string" duration="0"/>
    <testCase name="yup extended isValidJsonObject returns false on parsing error" duration="0"/>
    <testCase name="yup extended isValidJsonObject returns true for valid JSON object" duration="0"/>
  </file>
  <file path="/Users/germanosin/Documents/projects/kafbat/kafka-ui/frontend/src/components/Brokers/utils/__test__/getEditorText.spec.tsx">
    <testCase name="Get editor text returns error message when broker metrics is not defined" duration="1"/>
    <testCase name="Get editor text returns transformed metrics text when broker logdirs metrics" duration="0"/>
  </file>
  <file path="/Users/germanosin/Documents/projects/kafbat/kafka-ui/frontend/src/components/Topics/Topic/Messages/__test__/utils.spec.ts">
    <testCase name="utils filterOptions returns options if no filter is defined" duration="1"/>
    <testCase name="utils filterOptions returns filtered options" duration="0"/>
    <testCase name="utils getOffsetFromSeekToParam returns nothing when param &quot;seekType&quot; is equal BEGGINING" duration="0"/>
    <testCase name="utils getOffsetFromSeekToParam returns nothing when param &quot;seekType&quot; is equal TIMESTAMP" duration="0"/>
    <testCase name="utils getOffsetFromSeekToParam returns correct messages list when param &quot;seekType&quot; is equal OFFSET" duration="1"/>
    <testCase name="utils getOffsetFromSeekToParam returns 0 when param &quot;seekTo&quot; is not defined and param &quot;seekType&quot; is equal OFFSET" duration="0"/>
    <testCase name="utils getTimestampFromSeekToParam returns null when param &quot;seekType&quot; is equal BEGGINING" duration="0"/>
    <testCase name="utils getTimestampFromSeekToParam returns null when param &quot;seekType&quot; is equal OFFSET" duration="0"/>
    <testCase name="utils getTimestampFromSeekToParam returns correct messages list when param &quot;seekType&quot; is equal TIMESTAMP" duration="1"/>
    <testCase name="utils getTimestampFromSeekToParam returns default timestamp when param &quot;seekTo&quot; is empty and param &quot;seekType&quot; is equal TIMESTAMP" duration="0"/>
    <testCase name="utils getSelectedPartitionsFromSeekToParam returns parsed partition from params when partition list includes selected partition" duration="0"/>
    <testCase name="utils getSelectedPartitionsFromSeekToParam returns parsed partition from params when partition list NOT includes selected partition" duration="0"/>
    <testCase name="utils getSelectedPartitionsFromSeekToParam returns partitions when param &quot;seekTo&quot; is not defined" duration="1"/>
    <testCase name="utils isModeOffsetSelector check the validity if Mode offset Selector only during" duration="1"/>
    <testCase name="utils isLiveMode should check the validity of data on;y during tailing mode" duration="0"/>
    <testCase name="utils isEditingFilterMode should editing value" duration="0"/>
  </file>
  <file path="/Users/germanosin/Documents/projects/kafbat/kafka-ui/frontend/src/lib/functions/__tests__/compact.spec.ts">
    <testCase name="compact should remove falsey values from the array" duration="1"/>
    <testCase name="compact should return an empty array if all values are falsey" duration="0"/>
    <testCase name="compact should return a new array with only truthy values preserved" duration="0"/>
    <testCase name="compact should preserve non-falsey values in their original order" duration="0"/>
    <testCase name="compact should not modify the original array" duration="0"/>
  </file>
  <file path="/Users/germanosin/Documents/projects/kafbat/kafka-ui/frontend/src/components/ConsumerGroups/__test__/ConsumerGroups.spec.tsx">
    <testCase name="ConsumerGroups renders ListContainer" duration="5"/>
    <testCase name="ConsumerGroups renders ResetOffsets" duration="1"/>
    <testCase name="ConsumerGroups renders Details" duration="1"/>
  </file>
  <file path="/Users/germanosin/Documents/projects/kafbat/kafka-ui/frontend/src/components/Connect/Details/Overview/__tests__/getTaskMetrics.spec.ts">
    <testCase name="getTaskMetrics should return the correct metrics when task list is undefined" duration="1"/>
    <testCase name="getTaskMetrics should return the correct metrics" duration="0"/>
  </file>
  <file path="/Users/germanosin/Documents/projects/kafbat/kafka-ui/frontend/src/components/Version/__tests__/compareVersions.spec.ts">
    <testCase name="compareVersions function single-segment versions" duration="1"/>
    <testCase name="compareVersions function two-segment versions" duration="1"/>
    <testCase name="compareVersions function three-segment versions" duration="0"/>
    <testCase name="compareVersions function different number of digits in same group" duration="0"/>
    <testCase name="compareVersions function different number of digits in different groups" duration="0"/>
    <testCase name="compareVersions function different number of digits" duration="1"/>
    <testCase name="compareVersions function ignore non-numeric characters" duration="0"/>
    <testCase name="compareVersions function returns valid result (negative test cases)" duration="0"/>
  </file>
  <file path="/Users/germanosin/Documents/projects/kafbat/kafka-ui/frontend/src/lib/hooks/__tests__/useBoolean.spec.ts">
    <testCase name="useBoolean CustomHook should check true initial values" duration="2"/>
    <testCase name="useBoolean CustomHook should check false initial values" duration="1"/>
    <testCase name="useBoolean CustomHook should check setTrue function" duration="0"/>
    <testCase name="useBoolean CustomHook should check setFalse function" duration="3"/>
    <testCase name="useBoolean CustomHook should check setToggle function" duration="1"/>
  </file>
  <file path="/Users/germanosin/Documents/projects/kafbat/kafka-ui/frontend/src/components/common/NewTable/utils/__test__/updateSortingState.spec.ts">
    <testCase name="updateSortingState should update the sorting state" duration="2"/>
    <testCase name="updateSortingState should update the sorting state" duration="1"/>
  </file>
  <file path="/Users/germanosin/Documents/projects/kafbat/kafka-ui/frontend/src/lib/hooks/__tests__/useDataSaver.spec.tsx">
    <testCase name="useDataSaver hook Save as file downloads txt file" duration="3"/>
    <testCase name="useDataSaver hook copies the data to the clipboard data with type Object" duration="1"/>
    <testCase name="useDataSaver hook copies the data to the clipboard data with type String" duration="0"/>
    <testCase name="useDataSaver hook navigator clipboard is undefined calls showAlert with the correct parameters when clipboard API is unavailable" duration="1"/>
  </file>
  <file path="/Users/germanosin/Documents/projects/kafbat/kafka-ui/frontend/src/components/common/BytesFormatted/__tests__/BytesFormatted.spec.tsx">
    <testCase name="BytesFormatted renders Bytes correctly" duration="2"/>
    <testCase name="BytesFormatted renders correct units" duration="7"/>
    <testCase name="BytesFormatted renders correct precision" duration="2"/>
    <testCase name="BytesFormatted correctly handles invalid props" duration="2"/>
  </file>
  <file path="/Users/germanosin/Documents/projects/kafbat/kafka-ui/frontend/src/lib/functions/__tests__/groupBy.spec.ts">
    <testCase name="groupBy should group objects in the array by the specified key" duration="1"/>
    <testCase name="groupBy should return an empty object when the input array is empty" duration="0"/>
    <testCase name="groupBy should handle objects with undefined values for the specified key" duration="0"/>
  </file>
  <file path="/Users/germanosin/Documents/projects/kafbat/kafka-ui/frontend/src/lib/functions/__tests__/keyBy.spec.ts">
    <testCase name="keyBy returns grouped object" duration="0"/>
  </file>
  <file path="/Users/germanosin/Documents/projects/kafbat/kafka-ui/frontend/src/components/Brokers/Broker/BrokerMetrics/__test__/BrokerMetrics.spec.tsx">
    <testCase name="BrokerMetrics Component shows warning when server doesn&apos;t return metrics response" duration="36"/>
  </file>
</testExecutions>